<?xml version="1.0" encoding="UTF-8" ?>
<testsuite tests="9" failures="0" name="BirdDatabaseTest" time="0.026" errors="0" skipped="0">
  <properties>
[...]
</properties>
  <testcase classname="BirdDatabaseTest" name="testWithTwoBirds2" time="0.021"/>
  <testcase classname="BirdDatabaseTest" name="testObservationNotExisting" time="0"/>
  <testcase classname="BirdDatabaseTest" name="testQuit1" time="0"/>
  <testcase classname="BirdDatabaseTest" name="testIncorrectCommands" time="0"/>
  <testcase classname="BirdDatabaseTest" name="testOneNotExisting" time="0"/>
  <testcase classname="BirdDatabaseTest" name="testAddObservationObservationOne" time="0.005"/>
  <testcase classname="BirdDatabaseTest" name="testWithTwoBirds" time="0"/>
  <testcase classname="BirdDatabaseTest" name="testAddOne" time="0"/>
  <testcase classname="BirdDatabaseTest" name="testEmptyAll" time="0"/>
</testsuite>