<?xml version="1.0" encoding="UTF-8" ?>
<testsuite tests="11" failures="0" name="SearchingTest" time="0.043" errors="0" skipped="0">
  <properties>
[...]
</properties>
  <testcase classname="SearchingTest" name="binarySearchFindsTheBookFromAListOfThreeBooks" time="0.006"/>
  <testcase classname="SearchingTest" name="binarySearchFindsTheBookOnAListOfTwoBooks" time="0"/>
  <testcase classname="SearchingTest" name="aNonExistingBookIsNotFound" time="0.007"/>
  <testcase classname="SearchingTest" name="binarySearchFindsTheBookFromAListOfFiveBooks" time="0.001"/>
  <testcase classname="SearchingTest" name="linearSearchFindsABookInUnorderedList" time="0.001"/>
  <testcase classname="SearchingTest" name="binarySearchFindsTheBookWhenListSizeIsOne" time="0"/>
  <testcase classname="SearchingTest" name="linearSearchCanFindABook" time="0.001"/>
  <testcase classname="SearchingTest" name="binarySearchFindsTheBookFromAListOf100Books" time="0.001"/>
  <testcase classname="SearchingTest" name="binarySearchIsFasterThanLinearSearch" time="0.026"/>
  <testcase classname="SearchingTest" name="linearSearchCanFindABookBig" time="0"/>
  <testcase classname="SearchingTest" name="binarySearchDoesNotFindBooksFromAnUnorderedList" time="0"/>
</testsuite>